<?xml version="1.0" encoding="UTF-8"?>
<testng-results skipped="0" failed="0" total="1" passed="1">
  <reporter-output>
  </reporter-output>
  <suite name="Default suite" duration-ms="17645" started-at="2015-09-05T08:55:22Z" finished-at="2015-09-05T08:55:39Z">
    <groups>
    </groups>
    <test name="Default test" duration-ms="17645" started-at="2015-09-05T08:55:22Z" finished-at="2015-09-05T08:55:39Z">
      <class name="com.mybank.accounts.CreateAccount">
        <test-method status="PASS" signature="HomePage()[pri:0, instance:com.mybank.accounts.CreateAccount@7bfcd12c]" name="HomePage" duration-ms="17635" started-at="2015-09-05T18:55:22Z" finished-at="2015-09-05T18:55:39Z">
          <reporter-output>
          </reporter-output>
        </test-method> <!-- HomePage -->
      </class> <!-- com.mybank.accounts.CreateAccount -->
    </test> <!-- Default test -->
  </suite> <!-- Default suite -->
</testng-results>
